[2020-02-14 21:22:28 -0600]  [500c14a3-9965-4866-b40a-37eca015fe06] [4131] [INFO] [app.utils.middleware] [dispatch] [21 ].  Datos de cabecera de respuesta: [(b'content-length', b'22'), (b'content-type', b'application/json'), (b'x-process-time', b'0.0010981559753417969')]
[2020-02-14 21:22:28 -0600]  [24b81d04-2e53-440b-818d-99120cfa6f56] [4131] [INFO] [app.utils.middleware] [dispatch] [21 ].  Datos de cabecera de respuesta: [(b'content-length', b'22'), (b'content-type', b'application/json'), (b'x-process-time', b'0.0007991790771484375')]
[2020-02-14 21:22:35 -0600]  [619a0677-eb0f-42e2-bf3c-9f052aa44eb1] [4131] [INFO] [app.utils.middleware] [dispatch] [21 ].  Datos de cabecera de respuesta: [(b'content-length', b'911'), (b'content-type', b'text/html; charset=utf-8'), (b'x-process-time', b'0.0002982616424560547')]
[2020-02-14 21:22:36 -0600]  [3e66e171-8830-4913-960c-8166bc4ec703] [4131] [INFO] [app.utils.middleware] [dispatch] [21 ].  Datos de cabecera de respuesta: [(b'content-length', b'1879'), (b'content-type', b'application/json'), (b'x-process-time', b'0.016782760620117188')]
[2020-02-14 21:26:44 -0600]  [75341656-47a2-4527-99ab-6120b04911a7] [4400] [INFO] [app.utils.middleware] [dispatch] [21 ].  Datos de cabecera de respuesta: [(b'content-length', b'911'), (b'content-type', b'text/html; charset=utf-8'), (b'x-process-time', b'0.0006589889526367188')]
[2020-02-14 21:26:44 -0600]  [b74381f2-139a-4303-b66a-59c7af041c75] [4400] [INFO] [app.utils.middleware] [dispatch] [21 ].  Datos de cabecera de respuesta: [(b'content-length', b'1879'), (b'content-type', b'application/json'), (b'x-process-time', b'0.01870131492614746')]
[2020-02-14 22:20:14 -0600]  [03b43685-a02c-49d4-9017-beeb123b7b25] [7316] [INFO] [app.utils.middleware] [dispatch] [23 ].  Datos de cabecera de respuesta: [(b'content-length', b'87'), (b'content-type', b'application/json'), (b'x-process-time', b'10.427748918533325')]
[2020-02-14 22:26:40 -0600]  [52e80b4d-2c42-476e-ad6f-d2d24cc471ce] [7822] [INFO] [app.utils.middleware] [dispatch] [23 ].  Datos de cabecera de respuesta: [(b'content-length', b'88'), (b'content-type', b'application/json'), (b'x-process-time', b'0.19371938705444336')]
[2020-02-14 22:35:18 -0600]  [9d1e22d5-ca8e-4ac0-9419-a311d0fa7167] [8099] [INFO] [app.utils.middleware] [dispatch] [23 ].  Datos de cabecera de respuesta: [(b'content-length', b'50'), (b'content-type', b'application/json'), (b'x-process-time', b'0.19301342964172363')]
[2020-02-17 11:11:05 -0600]  [db81b411-1e99-44f4-ae0d-a49d4bb1864d] [9940] [INFO] [app.utils.middleware] [dispatch] [23 ].  Datos de cabecera de respuesta: [(b'content-length', b'911'), (b'content-type', b'text/html; charset=utf-8'), (b'x-process-time', b'0.0007035732269287109')]
[2020-02-17 11:11:06 -0600]  [7926b40f-dfe6-4932-835a-337518f37783] [9940] [INFO] [app.utils.middleware] [dispatch] [23 ].  Datos de cabecera de respuesta: [(b'content-length', b'2133'), (b'content-type', b'application/json'), (b'x-process-time', b'0.01717853546142578')]
[2020-02-17 11:39:27 -0600]  [f089b94c-2fbd-4f6f-b08e-e2268cc4d1ab] [11692] [INFO] [app.utils.middleware] [dispatch] [23 ].  Datos de cabecera de respuesta: [(b'content-length', b'911'), (b'content-type', b'text/html; charset=utf-8'), (b'x-process-time', b'0.0019974708557128906')]
[2020-02-17 11:39:28 -0600]  [de20fefc-0bf6-4927-9363-b8a80fa6a491] [11692] [INFO] [app.utils.middleware] [dispatch] [23 ].  Datos de cabecera de respuesta: [(b'content-length', b'2380'), (b'content-type', b'application/json'), (b'x-process-time', b'0.017536640167236328')]
[2020-02-17 11:42:22 -0600]  [9a85ccac-8563-433b-804a-694472f04742] [11865] [INFO] [app.utils.middleware] [dispatch] [23 ].  Datos de cabecera de respuesta: [(b'content-length', b'27'), (b'content-type', b'application/json'), (b'x-process-time', b'8.417886734008789')]
[2020-02-17 11:45:30 -0600]  [621a54f7-db55-4377-8bd6-78da9a349573] [12155] [INFO] [app.utils.middleware] [dispatch] [23 ].  Datos de cabecera de respuesta: [(b'content-length', b'27'), (b'content-type', b'application/json'), (b'x-process-time', b'6.570885896682739')]
[2020-02-17 11:51:37 -0600]  [e9c8b62a-b8ee-42bd-bb13-492ba72224f8] [12155] [INFO] [app.utils.middleware] [dispatch] [23 ].  Datos de cabecera de respuesta: [(b'content-length', b'27'), (b'content-type', b'application/json'), (b'x-process-time', b'287.0120384693146')]
[2020-02-17 11:51:49 -0600]  [ebaac80e-c829-4844-af5a-f457801caafa] [12155] [INFO] [app.utils.middleware] [dispatch] [23 ].  Datos de cabecera de respuesta: [(b'content-length', b'27'), (b'content-type', b'application/json'), (b'x-process-time', b'3.540517807006836')]
[2020-02-17 12:03:55 -0600]  [98a8b4da-569d-40c8-bfe2-07b27a8ca997] [13537] [INFO] [app.utils.middleware] [dispatch] [23 ].  Datos de cabecera de respuesta: [(b'content-length', b'27'), (b'content-type', b'application/json'), (b'x-process-time', b'25.068078994750977')]
[2020-02-17 12:09:48 -0600]  [9ee7d192-1924-4d67-8609-1c65e43f27a3] [13937] [INFO] [app.utils.middleware] [dispatch] [23 ].  Datos de cabecera de respuesta: [(b'content-length', b'89'), (b'content-type', b'application/json'), (b'x-process-time', b'10.170123815536499')]
[2020-02-17 16:35:16 -0600]  [1e16a2f8-e8f3-4883-9cef-e682cde7935b] [5010] [INFO] [app.utils.middleware] [dispatch] [23 ].  Datos de cabecera de respuesta: [(b'content-length', b'911'), (b'content-type', b'text/html; charset=utf-8'), (b'x-process-time', b'0.0007848739624023438')]
[2020-02-17 16:35:17 -0600]  [f01017d4-7d48-49b5-866f-95edc502c9d0] [5010] [INFO] [app.utils.middleware] [dispatch] [23 ].  Datos de cabecera de respuesta: [(b'content-length', b'2936'), (b'content-type', b'application/json'), (b'x-process-time', b'0.0243527889251709')]
[2020-02-17 16:35:54 -0600]  [08d3ee1f-cf0b-4972-ace5-4e9e259a01c1] [5010] [INFO] [app.utils.middleware] [dispatch] [23 ].  Datos de cabecera de respuesta: [(b'content-length', b'89'), (b'content-type', b'application/json'), (b'x-process-time', b'0.19273018836975098')]
[2020-02-17 18:34:37 -0600]  [32b9022d-7277-4ae3-a1a8-c38740a4bc71] [8880] [INFO] [app.utils.middleware] [dispatch] [23 ].  Datos de cabecera de respuesta: [(b'content-length', b'911'), (b'content-type', b'text/html; charset=utf-8'), (b'x-process-time', b'0.0014531612396240234')]
[2020-02-17 18:34:37 -0600]  [09be1b54-d20b-45d4-b473-32ea64e565c2] [8880] [INFO] [app.utils.middleware] [dispatch] [23 ].  Datos de cabecera de respuesta: [(b'content-length', b'3374'), (b'content-type', b'application/json'), (b'x-process-time', b'0.03716588020324707')]
[2020-02-17 18:34:53 -0600]  [c1674249-a8ff-48f3-810d-73d7720aa209] [8880] [INFO] [app.utils.middleware] [dispatch] [23 ].  Datos de cabecera de respuesta: [(b'content-length', b'89'), (b'content-type', b'application/json'), (b'x-process-time', b'0.1870882511138916')]
[2020-02-17 18:37:04 -0600]  [8f84202e-1260-4091-9ec2-7dbc4df3f440] [8880] [INFO] [app.utils.middleware] [dispatch] [23 ].  Datos de cabecera de respuesta: [(b'content-length', b'61'), (b'content-type', b'application/json'), (b'x-process-time', b'0.12283110618591309')]
[2020-02-17 18:38:37 -0600]  [8a3e251d-cc77-4c43-8c5b-d92876581f9f] [8880] [INFO] [app.utils.middleware] [dispatch] [23 ].  Datos de cabecera de respuesta: [(b'content-length', b'61'), (b'content-type', b'application/json'), (b'x-process-time', b'44.670992851257324')]
[2020-02-17 18:38:42 -0600]  [718a4ab5-5d36-4ead-bb41-8d6b2d2623a8] [8880] [INFO] [app.utils.middleware] [dispatch] [23 ].  Datos de cabecera de respuesta: [(b'content-length', b'61'), (b'content-type', b'application/json'), (b'x-process-time', b'3.001114845275879')]
[2020-02-17 18:39:46 -0600]  [8a1fff15-cadd-4239-af57-4fdd7985a7d4] [8880] [INFO] [app.utils.middleware] [dispatch] [23 ].  Datos de cabecera de respuesta: [(b'content-length', b'61'), (b'content-type', b'application/json'), (b'x-process-time', b'57.294447898864746')]
[2020-02-17 18:46:14 -0600]  [1ab7cb41-da26-496c-810e-060208947691] [9545] [INFO] [app.utils.middleware] [dispatch] [23 ].  Datos de cabecera de respuesta: [(b'content-length', b'55'), (b'content-type', b'application/json'), (b'x-process-time', b'5.609802007675171')]
[2020-02-17 18:49:57 -0600]  [35646968-2f88-4b8f-9250-4d476201d1c8] [9545] [INFO] [app.utils.middleware] [dispatch] [23 ].  Datos de cabecera de respuesta: [(b'content-length', b'55'), (b'content-type', b'application/json'), (b'x-process-time', b'109.41188430786133')]
[2020-02-17 18:50:34 -0600]  [8a54c5aa-4795-410b-93aa-5132139ae55e] [9837] [INFO] [app.utils.middleware] [dispatch] [23 ].  Datos de cabecera de respuesta: [(b'content-length', b'46'), (b'content-type', b'application/json'), (b'x-process-time', b'25.085588693618774')]
[2020-02-17 18:51:08 -0600]  [967c6b37-06e6-4cfc-a9cc-340d1fd0afee] [9923] [INFO] [app.utils.middleware] [dispatch] [23 ].  Datos de cabecera de respuesta: [(b'content-length', b'46'), (b'content-type', b'application/json'), (b'x-process-time', b'4.234501123428345')]
[2020-02-17 18:51:27 -0600]  [4b8a13e1-a8fd-4ec7-9b6c-b37badfe6d7b] [9972] [INFO] [app.utils.middleware] [dispatch] [23 ].  Datos de cabecera de respuesta: [(b'content-length', b'46'), (b'content-type', b'application/json'), (b'x-process-time', b'5.094366550445557')]
[2020-02-17 18:52:03 -0600]  [82129906-88ef-47af-85b5-ad0acc911210] [9972] [INFO] [app.utils.middleware] [dispatch] [23 ].  Datos de cabecera de respuesta: [(b'content-length', b'46'), (b'content-type', b'application/json'), (b'x-process-time', b'3.973823070526123')]
[2020-02-17 18:59:16 -0600]  [0b6771c6-fe91-4870-a508-5f2dac25bae7] [10395] [INFO] [app.utils.middleware] [dispatch] [23 ].  Datos de cabecera de respuesta: [(b'content-length', b'88'), (b'content-type', b'application/json'), (b'x-process-time', b'8.33071255683899')]
[2020-02-17 18:59:38 -0600]  [f376c73a-df7d-4e04-9ed8-4b29dca255b5] [10395] [INFO] [app.utils.middleware] [dispatch] [23 ].  Datos de cabecera de respuesta: [(b'content-length', b'95'), (b'content-type', b'application/json'), (b'x-process-time', b'0.12203669548034668')]
[2020-02-17 18:59:55 -0600]  [be00656f-a0d5-420a-ba1e-20849fe9e971] [10395] [INFO] [app.utils.middleware] [dispatch] [23 ].  Datos de cabecera de respuesta: [(b'content-length', b'100'), (b'content-type', b'application/json'), (b'x-process-time', b'4.436496257781982')]
[2020-02-17 19:00:01 -0600]  [6a0dd479-e4d0-47e0-802e-39843c94c431] [10395] [INFO] [app.utils.middleware] [dispatch] [23 ].  Datos de cabecera de respuesta: [(b'content-length', b'107'), (b'content-type', b'application/json'), (b'x-process-time', b'0.13066339492797852')]
[2020-02-17 19:10:29 -0600]  [0541d141-4977-4dc1-bc63-c0d0a5f77779] [11035] [INFO] [app.utils.middleware] [dispatch] [23 ].  Datos de cabecera de respuesta: [(b'content-length', b'911'), (b'content-type', b'text/html; charset=utf-8'), (b'x-process-time', b'0.00038504600524902344')]
[2020-02-17 19:10:29 -0600]  [0e0f883d-cb03-4cac-99f4-fd187eab6e73] [11035] [INFO] [app.utils.middleware] [dispatch] [23 ].  Datos de cabecera de respuesta: [(b'content-length', b'3813'), (b'content-type', b'application/json'), (b'x-process-time', b'0.024163246154785156')]
[2020-02-17 19:10:56 -0600]  [7033b898-b326-47e4-b977-a190ce0b4a76] [11035] [INFO] [app.utils.middleware] [dispatch] [23 ].  Datos de cabecera de respuesta: [(b'content-length', b'44'), (b'content-type', b'application/json'), (b'x-process-time', b'0.1254112720489502')]
[2020-02-17 19:11:25 -0600]  [e6daba36-a0ea-4692-a4eb-ab605e473ea5] [11035] [INFO] [app.utils.middleware] [dispatch] [23 ].  Datos de cabecera de respuesta: [(b'content-length', b'44'), (b'content-type', b'application/json'), (b'x-process-time', b'0.1880943775177002')]
[2020-02-17 19:12:20 -0600]  [9616987b-52da-4543-89de-666d44d6d3cc] [11135] [INFO] [app.utils.middleware] [dispatch] [23 ].  Datos de cabecera de respuesta: [(b'x-process-time', b'0.13260889053344727')]
[2020-02-17 19:15:22 -0600]  [5417e571-45ea-4068-8c96-dcc8abbe2b50] [11382] [INFO] [app.utils.middleware] [dispatch] [23 ].  Datos de cabecera de respuesta: [(b'content-length', b'10'), (b'content-type', b'application/json'), (b'x-process-time', b'0.1320207118988037')]
[2020-02-17 22:01:23 -0600]  [f5472505-2bf6-4f72-a7cf-24051c48ea3f] [17465] [INFO] [app.utils.middleware] [dispatch] [23 ].  Datos de cabecera de respuesta: [(b'content-length', b'911'), (b'content-type', b'text/html; charset=utf-8'), (b'x-process-time', b'0.0004799365997314453')]
[2020-02-17 22:01:23 -0600]  [9908cee7-b93d-4c66-9f35-9565d1af4177] [17465] [INFO] [app.utils.middleware] [dispatch] [23 ].  Datos de cabecera de respuesta: [(b'content-length', b'5633'), (b'content-type', b'application/json'), (b'x-process-time', b'0.03738594055175781')]
[2020-02-17 22:03:06 -0600]  [195bb917-fa8b-4539-a09f-e2181726836b] [17724] [INFO] [app.utils.middleware] [dispatch] [23 ].  Datos de cabecera de respuesta: [(b'content-length', b'92'), (b'content-type', b'application/json'), (b'x-process-time', b'0.5008974075317383')]
[2020-02-17 22:05:13 -0600]  [2c19a008-e6af-4413-b0d9-c9dfd5ffc20a] [17724] [INFO] [app.utils.middleware] [dispatch] [23 ].  Datos de cabecera de respuesta: [(b'content-length', b'48'), (b'content-type', b'application/json'), (b'x-process-time', b'0.0004837512969970703')]
[2020-02-17 22:05:50 -0600]  [02d36730-78b0-4fa3-b846-cb63f50d1361] [17724] [INFO] [app.utils.middleware] [dispatch] [23 ].  Datos de cabecera de respuesta: [(b'content-length', b'48'), (b'content-type', b'application/json'), (b'x-process-time', b'0.0005133152008056641')]
[2020-02-17 22:15:25 -0600]  [5b271be2-87a3-46d1-9135-04cd6481c117] [18506] [INFO] [app.utils.middleware] [dispatch] [23 ].  Datos de cabecera de respuesta: [(b'content-length', b'220'), (b'content-type', b'application/json'), (b'x-process-time', b'0.5180718898773193')]
[2020-02-17 22:31:43 -0600]  [39b46ca4-bbb7-412c-b754-addedcb0b619] [18506] [INFO] [app.utils.middleware] [dispatch] [23 ].  Datos de cabecera de respuesta: [(b'content-length', b'911'), (b'content-type', b'text/html; charset=utf-8'), (b'x-process-time', b'0.0008172988891601562')]
[2020-02-17 22:31:43 -0600]  [7d0c912f-64a3-4bb1-b877-50625c1e8adf] [18506] [INFO] [app.utils.middleware] [dispatch] [23 ].  Datos de cabecera de respuesta: [(b'content-length', b'5633'), (b'content-type', b'application/json'), (b'x-process-time', b'0.03908419609069824')]
[2020-02-17 22:32:08 -0600]  [080589ae-7ff1-46d3-9f62-7407dfc15013] [18506] [INFO] [app.utils.middleware] [dispatch] [23 ].  Datos de cabecera de respuesta: [(b'content-length', b'84'), (b'content-type', b'application/json'), (b'x-process-time', b'0.6672496795654297')]
[2020-02-17 22:32:29 -0600]  [791cf70a-5abb-4dfd-9b79-276a351a49fe] [19778] [INFO] [app.utils.middleware] [dispatch] [23 ].  Datos de cabecera de respuesta: [(b'www-authenticate', b'Bearer'), (b'content-length', b'30'), (b'content-type', b'application/json'), (b'x-process-time', b'0.0010602474212646484')]
[2020-02-17 22:32:53 -0600]  [63bb4c8e-ea37-41b4-837a-66fe0d61c112] [19778] [INFO] [app.utils.middleware] [dispatch] [23 ].  Datos de cabecera de respuesta: [(b'www-authenticate', b'Bearer'), (b'content-length', b'30'), (b'content-type', b'application/json'), (b'x-process-time', b'0.0007894039154052734')]
[2020-02-17 22:41:35 -0600]  [fdf9b888-e505-405b-9755-45162ae7392c] [19778] [INFO] [app.utils.middleware] [dispatch] [23 ].  Datos de cabecera de respuesta: [(b'content-length', b'911'), (b'content-type', b'text/html; charset=utf-8'), (b'x-process-time', b'0.0012335777282714844')]
[2020-02-17 22:41:35 -0600]  [b5862c68-99f8-4b06-91ae-598950a30b5a] [19778] [INFO] [app.utils.middleware] [dispatch] [23 ].  Datos de cabecera de respuesta: [(b'content-length', b'5870'), (b'content-type', b'application/json'), (b'x-process-time', b'0.03896021842956543')]
[2020-02-17 22:41:50 -0600]  [35cd4975-2f14-44c3-8e76-530dc7fe83c0] [19778] [INFO] [app.utils.middleware] [dispatch] [23 ].  Datos de cabecera de respuesta: [(b'content-length', b'911'), (b'content-type', b'text/html; charset=utf-8'), (b'x-process-time', b'0.0006473064422607422')]
[2020-02-17 22:41:51 -0600]  [e9c783f4-58d8-4acf-ba34-ef75659c5a95] [19778] [INFO] [app.utils.middleware] [dispatch] [23 ].  Datos de cabecera de respuesta: [(b'content-length', b'5870'), (b'content-type', b'application/json'), (b'x-process-time', b'0.0005707740783691406')]
[2020-02-17 22:43:38 -0600]  [ced32bd7-129c-4519-a42d-d40ef73a1a81] [19778] [INFO] [app.utils.middleware] [dispatch] [23 ].  Datos de cabecera de respuesta: [(b'www-authenticate', b'Bearer'), (b'content-length', b'30'), (b'content-type', b'application/json'), (b'x-process-time', b'0.0006175041198730469')]
[2020-02-17 22:44:54 -0600]  [05490888-c66d-4ce7-9037-ed283ee4be0f] [20270] [INFO] [app.utils.middleware] [dispatch] [23 ].  Datos de cabecera de respuesta: [(b'content-length', b'89'), (b'content-type', b'application/json'), (b'x-process-time', b'0.4845917224884033')]
[2020-02-17 22:46:51 -0600]  [464f8357-3e1a-405b-a9f8-78b27e645d88] [20270] [INFO] [app.utils.middleware] [dispatch] [23 ].  Datos de cabecera de respuesta: [(b'content-length', b'48'), (b'content-type', b'application/json'), (b'x-process-time', b'0.0005636215209960938')]
[2020-02-17 22:47:02 -0600]  [3f8d91fb-3271-432a-a947-7a85c5a85fee] [20270] [INFO] [app.utils.middleware] [dispatch] [23 ].  Datos de cabecera de respuesta: [(b'content-length', b'102'), (b'content-type', b'application/json'), (b'x-process-time', b'0.003483295440673828')]
[2020-02-17 23:06:46 -0600]  [00b1483d-38ee-469d-851a-b393ec10d2a4] [21681] [INFO] [app.utils.middleware] [dispatch] [23 ].  Datos de cabecera de respuesta: [(b'content-length', b'87'), (b'content-type', b'application/json'), (b'x-process-time', b'32.05751013755798')]
[2020-02-17 23:09:33 -0600]  [17d1adfb-b97d-4090-9a48-ee2dd13eb0b2] [21681] [INFO] [app.utils.middleware] [dispatch] [23 ].  Datos de cabecera de respuesta: [(b'content-length', b'228'), (b'content-type', b'application/json'), (b'x-process-time', b'0.4466400146484375')]
[2020-02-17 23:10:04 -0600]  [cb2c9370-96df-4f2a-9d58-c2e75ed36ab0] [21681] [INFO] [app.utils.middleware] [dispatch] [23 ].  Datos de cabecera de respuesta: [(b'content-length', b'90'), (b'content-type', b'application/json'), (b'x-process-time', b'0.402174711227417')]
[2020-02-17 23:11:02 -0600]  [19e2b953-607d-4aa6-b00c-b360b0a2f669] [21912] [INFO] [app.utils.middleware] [dispatch] [23 ].  Datos de cabecera de respuesta: [(b'content-length', b'36'), (b'content-type', b'application/json'), (b'x-process-time', b'9.990848064422607')]
[2020-02-17 23:11:06 -0600]  [21cc1cc3-d319-4b9b-9bf8-d54a1ee7b196] [21912] [INFO] [app.utils.middleware] [dispatch] [23 ].  Datos de cabecera de respuesta: [(b'content-length', b'36'), (b'content-type', b'application/json'), (b'x-process-time', b'0.16501235961914062')]
[2020-02-17 23:11:45 -0600]  [aa37629d-9bef-459b-9b73-16a9e13a0f2f] [21912] [INFO] [app.utils.middleware] [dispatch] [23 ].  Datos de cabecera de respuesta: [(b'content-length', b'86'), (b'content-type', b'application/json'), (b'x-process-time', b'10.223372220993042')]
[2020-02-17 23:11:53 -0600]  [fefcc62a-ab56-4601-a040-d7065698b977] [21912] [INFO] [app.utils.middleware] [dispatch] [23 ].  Datos de cabecera de respuesta: [(b'content-length', b'51'), (b'content-type', b'application/json'), (b'x-process-time', b'0.6238718032836914')]
[2020-02-17 23:12:01 -0600]  [28a280a3-1d5d-45f0-986a-d5fa780e9e91] [21912] [INFO] [app.utils.middleware] [dispatch] [23 ].  Datos de cabecera de respuesta: [(b'content-length', b'90'), (b'content-type', b'application/json'), (b'x-process-time', b'0.5807201862335205')]
